[2] SERVER -> CLIENT: 220 smtp.gmail.com ESMTP ffacd0b85a97d-39c301a7586sm13260888f8f.38 - gsmtp

[1] CLIENT -> SERVER: EHLO localhost

[2] SERVER -> CLIENT: 250-smtp.gmail.com at your service, [41.210.178.32]
250-SIZE 35882577
250-8BITMIME
250-STARTTLS
250-ENHANCEDSTATUSCODES
250-PIPELINING
250-CHUNKING
250 SMTPUTF8

[1] CLIENT -> SERVER: STARTTLS

[2] SERVER -> CLIENT: 220 2.0.0 Ready to start TLS

[1] CLIENT -> SERVER: EHLO localhost

[2] SERVER -> CLIENT: 250-smtp.gmail.com at your service, [41.210.178.32]
250-SIZE 35882577
250-8BITMIME
250-AUTH LOGIN PLAIN XOAUTH2 PLAIN-CLIENTTOKEN OAUTHBEARER XOAUTH
250-ENHANCEDSTATUSCODES
250-PIPELINING
250-CHUNKING
250 SMTPUTF8

[1] CLIENT -> SERVER: AUTH LOGIN

[2] SERVER -> CLIENT: 334 VXNlcm5hbWU6

[1] CLIENT -> SERVER: [credentials hidden]
[2] SERVER -> CLIENT: 334 UGFzc3dvcmQ6

[1] CLIENT -> SERVER: [credentials hidden]
[2] SERVER -> CLIENT: 235 2.7.0 Accepted

[1] CLIENT -> SERVER: MAIL FROM:<rasabotcodz@gmail.com>

[2] SERVER -> CLIENT: 250 2.1.0 OK ffacd0b85a97d-39c301a7586sm13260888f8f.38 - gsmtp

[1] CLIENT -> SERVER: RCPT TO:<tiaradavanz@gmail.com>

[2] SERVER -> CLIENT: 250 2.1.5 OK ffacd0b85a97d-39c301a7586sm13260888f8f.38 - gsmtp

[1] CLIENT -> SERVER: DATA

[2] SERVER -> CLIENT: 354 Go ahead ffacd0b85a97d-39c301a7586sm13260888f8f.38 - gsmtp

[1] CLIENT -> SERVER: Date: Mon, 7 Apr 2025 23:11:47 +0200

[1] CLIENT -> SERVER: To: test <tiaradavanz@gmail.com>

[1] CLIENT -> SERVER: From: Admin Team <rasabotcodz@gmail.com>

[1] CLIENT -> SERVER: Reply-To: Admin Team <rasabotcodz@gmail.com>

[1] CLIENT -> SERVER: Subject: y

[1] CLIENT -> SERVER: Message-ID: <EcUgXavBTqfku3Fxg68s0u5UjKFhv2sx3nXMM273vg@localhost>

[1] CLIENT -> SERVER: X-Mailer: PHPMailer 6.9.3 (https://github.com/PHPMailer/PHPMailer)

[1] CLIENT -> SERVER: MIME-Version: 1.0

[1] CLIENT -> SERVER: Content-Type: text/html; charset=iso-8859-1

[1] CLIENT -> SERVER: 

[1] CLIENT -> SERVER: 

[1] CLIENT -> SERVER:             <html>

[1] CLIENT -> SERVER:             <head><title>y</title></head>

[1] CLIENT -> SERVER:             <body>

[1] CLIENT -> SERVER:                 <p>Hello test,</p>

[1] CLIENT -> SERVER:                 <div>y</div>

[1] CLIENT -> SERVER:                 <p>Best regards,<br>Admin Team</p>

[1] CLIENT -> SERVER:             </body>

[1] CLIENT -> SERVER:             </html>

[1] CLIENT -> SERVER:         

[1] CLIENT -> SERVER: 

[1] CLIENT -> SERVER: .

[2] SERVER -> CLIENT: 250 2.0.0 OK  1744060312 ffacd0b85a97d-39c301a7586sm13260888f8f.38 - gsmtp

[1] CLIENT -> SERVER: QUIT

[2] SERVER -> CLIENT: 221 2.0.0 closing connection ffacd0b85a97d-39c301a7586sm13260888f8f.38 - gsmtp

[2] SERVER -> CLIENT: 220 smtp.gmail.com ESMTP 5b1f17b1804b1-43ec16a3aefsm144430425e9.21 - gsmtp

[1] CLIENT -> SERVER: EHLO localhost

[2] SERVER -> CLIENT: 250-smtp.gmail.com at your service, [41.210.178.32]
250-SIZE 35882577
250-8BITMIME
250-STARTTLS
250-ENHANCEDSTATUSCODES
250-PIPELINING
250-CHUNKING
250 SMTPUTF8

[1] CLIENT -> SERVER: STARTTLS

[2] SERVER -> CLIENT: 220 2.0.0 Ready to start TLS

[1] CLIENT -> SERVER: EHLO localhost

[2] SERVER -> CLIENT: 250-smtp.gmail.com at your service, [41.210.178.32]
250-SIZE 35882577
250-8BITMIME
250-AUTH LOGIN PLAIN XOAUTH2 PLAIN-CLIENTTOKEN OAUTHBEARER XOAUTH
250-ENHANCEDSTATUSCODES
250-PIPELINING
250-CHUNKING
250 SMTPUTF8

[1] CLIENT -> SERVER: AUTH LOGIN

[2] SERVER -> CLIENT: 334 VXNlcm5hbWU6

[1] CLIENT -> SERVER: [credentials hidden]
[2] SERVER -> CLIENT: 334 UGFzc3dvcmQ6

[1] CLIENT -> SERVER: [credentials hidden]
[2] SERVER -> CLIENT: 235 2.7.0 Accepted

[1] CLIENT -> SERVER: MAIL FROM:<rasabotcodz@gmail.com>

[2] SERVER -> CLIENT: 250 2.1.0 OK 5b1f17b1804b1-43ec16a3aefsm144430425e9.21 - gsmtp

[1] CLIENT -> SERVER: RCPT TO:<tiaradavanz@gmail.com>

[2] SERVER -> CLIENT: 250 2.1.5 OK 5b1f17b1804b1-43ec16a3aefsm144430425e9.21 - gsmtp

[1] CLIENT -> SERVER: DATA

[2] SERVER -> CLIENT: 354 Go ahead 5b1f17b1804b1-43ec16a3aefsm144430425e9.21 - gsmtp

[1] CLIENT -> SERVER: Date: Mon, 7 Apr 2025 23:13:48 +0200

[1] CLIENT -> SERVER: To: test <tiaradavanz@gmail.com>

[1] CLIENT -> SERVER: From: Admin Team <rasabotcodz@gmail.com>

[1] CLIENT -> SERVER: Reply-To: Admin Team <rasabotcodz@gmail.com>

[1] CLIENT -> SERVER: Subject: qery 1252

[1] CLIENT -> SERVER: Message-ID: <1dyJe1qCGPZoJFB9fLavi3clHJAfJ4D7M57cILVDSg@localhost>

[1] CLIENT -> SERVER: X-Mailer: PHPMailer 6.9.3 (https://github.com/PHPMailer/PHPMailer)

[1] CLIENT -> SERVER: MIME-Version: 1.0

[1] CLIENT -> SERVER: Content-Type: text/html; charset=iso-8859-1

[1] CLIENT -> SERVER: 

[1] CLIENT -> SERVER: 

[1] CLIENT -> SERVER:             <html>

[1] CLIENT -> SERVER:             <head><title>qery 1252</title></head>

[1] CLIENT -> SERVER:             <body>

[1] CLIENT -> SERVER:                 <p>Hello test,</p>

[1] CLIENT -> SERVER:                 <div>this is a testing script</div>

[1] CLIENT -> SERVER:                 <p>Best regards,<br>Admin Team</p>

[1] CLIENT -> SERVER:             </body>

[1] CLIENT -> SERVER:             </html>

[1] CLIENT -> SERVER:         

[1] CLIENT -> SERVER: 

[1] CLIENT -> SERVER: .

[2] SERVER -> CLIENT: 250 2.0.0 OK  1744060434 5b1f17b1804b1-43ec16a3aefsm144430425e9.21 - gsmtp

[1] CLIENT -> SERVER: QUIT

[2] SERVER -> CLIENT: 221 2.0.0 closing connection 5b1f17b1804b1-43ec16a3aefsm144430425e9.21 - gsmtp

[2] SERVER -> CLIENT: 220 smtp.gmail.com ESMTP ffacd0b85a97d-39c301ba3c4sm13351239f8f.59 - gsmtp

[1] CLIENT -> SERVER: EHLO localhost

[2] SERVER -> CLIENT: 250-smtp.gmail.com at your service, [41.210.178.32]
250-SIZE 35882577
250-8BITMIME
250-STARTTLS
250-ENHANCEDSTATUSCODES
250-PIPELINING
250-CHUNKING
250 SMTPUTF8

[1] CLIENT -> SERVER: STARTTLS

[2] SERVER -> CLIENT: 220 2.0.0 Ready to start TLS

[1] CLIENT -> SERVER: EHLO localhost

[2] SERVER -> CLIENT: 250-smtp.gmail.com at your service, [41.210.178.32]
250-SIZE 35882577
250-8BITMIME
250-AUTH LOGIN PLAIN XOAUTH2 PLAIN-CLIENTTOKEN OAUTHBEARER XOAUTH
250-ENHANCEDSTATUSCODES
250-PIPELINING
250-CHUNKING
250 SMTPUTF8

[1] CLIENT -> SERVER: AUTH LOGIN

[2] SERVER -> CLIENT: 334 VXNlcm5hbWU6

[1] CLIENT -> SERVER: [credentials hidden]
[2] SERVER -> CLIENT: 334 UGFzc3dvcmQ6

[1] CLIENT -> SERVER: [credentials hidden]
[2] SERVER -> CLIENT: 235 2.7.0 Accepted

[1] CLIENT -> SERVER: MAIL FROM:<rasabotcodz@gmail.com>

[2] SERVER -> CLIENT: 250 2.1.0 OK ffacd0b85a97d-39c301ba3c4sm13351239f8f.59 - gsmtp

[1] CLIENT -> SERVER: RCPT TO:<tiaradavanz@gmail.com>

[2] SERVER -> CLIENT: 250 2.1.5 OK ffacd0b85a97d-39c301ba3c4sm13351239f8f.59 - gsmtp

[1] CLIENT -> SERVER: DATA

[2] SERVER -> CLIENT: 354 Go ahead ffacd0b85a97d-39c301ba3c4sm13351239f8f.59 - gsmtp

[1] CLIENT -> SERVER: Date: Mon, 7 Apr 2025 23:17:04 +0200

[1] CLIENT -> SERVER: To: test <tiaradavanz@gmail.com>

[1] CLIENT -> SERVER: From: MMU Chatbot Admin Team <rasabotcodz@gmail.com>

[1] CLIENT -> SERVER: Reply-To: MMU Chatbot Admin Team <rasabotcodz@gmail.com>

[1] CLIENT -> SERVER: Subject: recieved

[1] CLIENT -> SERVER: Message-ID: <0eURQMX97pWC2HP3q1EroukmZ1koGthndOj2oj7PR0@localhost>

[1] CLIENT -> SERVER: X-Mailer: PHPMailer 6.9.3 (https://github.com/PHPMailer/PHPMailer)

[1] CLIENT -> SERVER: MIME-Version: 1.0

[1] CLIENT -> SERVER: Content-Type: text/html; charset=iso-8859-1

[1] CLIENT -> SERVER: 

[1] CLIENT -> SERVER: 

[1] CLIENT -> SERVER:             <html>

[1] CLIENT -> SERVER:             <head><title>recieved </title></head>

[1] CLIENT -> SERVER:             <body>

[1] CLIENT -> SERVER:                 <p>Hello test,</p>

[1] CLIENT -> SERVER:                 <div>hi there , its the bcodz</div>

[1] CLIENT -> SERVER:                 <p>Best regards,<br>MMU Chatbot Admin Team</p>

[1] CLIENT -> SERVER:             </body>

[1] CLIENT -> SERVER:             </html>

[1] CLIENT -> SERVER:         

[1] CLIENT -> SERVER: 

[1] CLIENT -> SERVER: .

[2] SERVER -> CLIENT: 250 2.0.0 OK  1744060631 ffacd0b85a97d-39c301ba3c4sm13351239f8f.59 - gsmtp

[1] CLIENT -> SERVER: QUIT

[2] SERVER -> CLIENT: 221 2.0.0 closing connection ffacd0b85a97d-39c301ba3c4sm13351239f8f.59 - gsmtp

[2] SERVER -> CLIENT: 220 smtp.gmail.com ESMTP ffacd0b85a97d-39c30226b17sm14075994f8f.92 - gsmtp

[1] CLIENT -> SERVER: EHLO localhost

[2] SERVER -> CLIENT: 250-smtp.gmail.com at your service, [137.63.162.88]
250-SIZE 35882577
250-8BITMIME
250-STARTTLS
250-ENHANCEDSTATUSCODES
250-PIPELINING
250-CHUNKING
250 SMTPUTF8

[1] CLIENT -> SERVER: STARTTLS

[2] SERVER -> CLIENT: 220 2.0.0 Ready to start TLS

[1] CLIENT -> SERVER: EHLO localhost

[2] SERVER -> CLIENT: 250-smtp.gmail.com at your service, [137.63.162.88]
250-SIZE 35882577
250-8BITMIME
250-AUTH LOGIN PLAIN XOAUTH2 PLAIN-CLIENTTOKEN OAUTHBEARER XOAUTH
250-ENHANCEDSTATUSCODES
250-PIPELINING
250-CHUNKING
250 SMTPUTF8

[1] CLIENT -> SERVER: AUTH LOGIN

[2] SERVER -> CLIENT: 334 VXNlcm5hbWU6

[1] CLIENT -> SERVER: [credentials hidden]
[2] SERVER -> CLIENT: 334 UGFzc3dvcmQ6

[1] CLIENT -> SERVER: [credentials hidden]
[2] SERVER -> CLIENT: 235 2.7.0 Accepted

[1] CLIENT -> SERVER: MAIL FROM:<rasabotcodz@gmail.com>

[2] SERVER -> CLIENT: 250 2.1.0 OK ffacd0b85a97d-39c30226b17sm14075994f8f.92 - gsmtp

[1] CLIENT -> SERVER: RCPT TO:<komusinguzil@gmail.com>

[2] SERVER -> CLIENT: 250 2.1.5 OK ffacd0b85a97d-39c30226b17sm14075994f8f.92 - gsmtp

[1] CLIENT -> SERVER: DATA

[2] SERVER -> CLIENT: 354 Go ahead ffacd0b85a97d-39c30226b17sm14075994f8f.92 - gsmtp

[1] CLIENT -> SERVER: Date: Tue, 8 Apr 2025 08:00:36 +0200

[1] CLIENT -> SERVER: To: lilly <komusinguzil@gmail.com>

[1] CLIENT -> SERVER: From: MMU Chatbot Admin Team <rasabotcodz@gmail.com>

[1] CLIENT -> SERVER: Reply-To: MMU Chatbot Admin Team <rasabotcodz@gmail.com>

[1] CLIENT -> SERVER: Subject: wats up

[1] CLIENT -> SERVER: Message-ID: <7uOdy7ghNKecj76ZvfLMBDHbRjuD6yZ1H4C424uEM@localhost>

[1] CLIENT -> SERVER: X-Mailer: PHPMailer 6.9.3 (https://github.com/PHPMailer/PHPMailer)

[1] CLIENT -> SERVER: MIME-Version: 1.0

[1] CLIENT -> SERVER: Content-Type: text/html; charset=iso-8859-1

[1] CLIENT -> SERVER: 

[1] CLIENT -> SERVER: 

[1] CLIENT -> SERVER:             <html>

[1] CLIENT -> SERVER:             <head><title>wats up</title></head>

[1] CLIENT -> SERVER:             <body>

[1] CLIENT -> SERVER:                 <p>Hello lilly,</p>

[1] CLIENT -> SERVER:                 <div>yooo testing</div>

[1] CLIENT -> SERVER:                 <p>Best regards,<br>MMU Chatbot Admin Team</p>

[1] CLIENT -> SERVER:             </body>

[1] CLIENT -> SERVER:             </html>

[1] CLIENT -> SERVER:         

[1] CLIENT -> SERVER: 

[1] CLIENT -> SERVER: .

[2] SERVER -> CLIENT: 250 2.0.0 OK  1744092043 ffacd0b85a97d-39c30226b17sm14075994f8f.92 - gsmtp

[1] CLIENT -> SERVER: QUIT

[2] SERVER -> CLIENT: 221 2.0.0 closing connection ffacd0b85a97d-39c30226b17sm14075994f8f.92 - gsmtp

[2] SERVER -> CLIENT: 220 smtp.gmail.com ESMTP 5b1f17b1804b1-43ec364a0c7sm149367695e9.29 - gsmtp

[1] CLIENT -> SERVER: EHLO localhost

[2] SERVER -> CLIENT: 250-smtp.gmail.com at your service, [137.63.162.88]
250-SIZE 35882577
250-8BITMIME
250-STARTTLS
250-ENHANCEDSTATUSCODES
250-PIPELINING
250-CHUNKING
250 SMTPUTF8

[1] CLIENT -> SERVER: STARTTLS

[2] SERVER -> CLIENT: 220 2.0.0 Ready to start TLS

[1] CLIENT -> SERVER: EHLO localhost

[2] SERVER -> CLIENT: 250-smtp.gmail.com at your service, [137.63.162.88]
250-SIZE 35882577
250-8BITMIME
250-AUTH LOGIN PLAIN XOAUTH2 PLAIN-CLIENTTOKEN OAUTHBEARER XOAUTH
250-ENHANCEDSTATUSCODES
250-PIPELINING
250-CHUNKING
250 SMTPUTF8

[1] CLIENT -> SERVER: AUTH LOGIN

[2] SERVER -> CLIENT: 334 VXNlcm5hbWU6

[1] CLIENT -> SERVER: [credentials hidden]
[2] SERVER -> CLIENT: 334 UGFzc3dvcmQ6

[1] CLIENT -> SERVER: [credentials hidden]
[2] SERVER -> CLIENT: 235 2.7.0 Accepted

[1] CLIENT -> SERVER: MAIL FROM:<rasabotcodz@gmail.com>

[2] SERVER -> CLIENT: 250 2.1.0 OK 5b1f17b1804b1-43ec364a0c7sm149367695e9.29 - gsmtp

[1] CLIENT -> SERVER: RCPT TO:<tiaradavanz@gmail.com>

[2] SERVER -> CLIENT: 250 2.1.5 OK 5b1f17b1804b1-43ec364a0c7sm149367695e9.29 - gsmtp

[1] CLIENT -> SERVER: DATA

[2] SERVER -> CLIENT: 354 Go ahead 5b1f17b1804b1-43ec364a0c7sm149367695e9.29 - gsmtp

[1] CLIENT -> SERVER: Date: Tue, 8 Apr 2025 08:01:28 +0200

[1] CLIENT -> SERVER: To: test <tiaradavanz@gmail.com>

[1] CLIENT -> SERVER: From: MMU Chatbot Admin Team <rasabotcodz@gmail.com>

[1] CLIENT -> SERVER: Reply-To: MMU Chatbot Admin Team <rasabotcodz@gmail.com>

[1] CLIENT -> SERVER: Subject: t

[1] CLIENT -> SERVER: Message-ID: <msYTSXgkm4d8ZoPDeMyGbwX9ql3m6Uma2JtjNUvWZ5k@localhost>

[1] CLIENT -> SERVER: X-Mailer: PHPMailer 6.9.3 (https://github.com/PHPMailer/PHPMailer)

[1] CLIENT -> SERVER: MIME-Version: 1.0

[1] CLIENT -> SERVER: Content-Type: text/html; charset=iso-8859-1

[1] CLIENT -> SERVER: 

[1] CLIENT -> SERVER: 

[1] CLIENT -> SERVER:             <html>

[1] CLIENT -> SERVER:             <head><title>t</title></head>

[1] CLIENT -> SERVER:             <body>

[1] CLIENT -> SERVER:                 <p>Hello test,</p>

[1] CLIENT -> SERVER:                 <div>testing</div>

[1] CLIENT -> SERVER:                 <p>Best regards,<br>MMU Chatbot Admin Team</p>

[1] CLIENT -> SERVER:             </body>

[1] CLIENT -> SERVER:             </html>

[1] CLIENT -> SERVER:         

[1] CLIENT -> SERVER: 

[1] CLIENT -> SERVER: .

[2] SERVER -> CLIENT: 250 2.0.0 OK  1744092094 5b1f17b1804b1-43ec364a0c7sm149367695e9.29 - gsmtp

[1] CLIENT -> SERVER: QUIT

[2] SERVER -> CLIENT: 221 2.0.0 closing connection 5b1f17b1804b1-43ec364a0c7sm149367695e9.29 - gsmtp

[2] SERVER -> CLIENT: 220 smtp.gmail.com ESMTP 5b1f17b1804b1-43ec17b46bbsm152845155e9.36 - gsmtp

[1] CLIENT -> SERVER: EHLO localhost

[2] SERVER -> CLIENT: 250-smtp.gmail.com at your service, [137.63.162.88]
250-SIZE 35882577
250-8BITMIME
250-STARTTLS
250-ENHANCEDSTATUSCODES
250-PIPELINING
250-CHUNKING
250 SMTPUTF8

[1] CLIENT -> SERVER: STARTTLS

[2] SERVER -> CLIENT: 220 2.0.0 Ready to start TLS

[1] CLIENT -> SERVER: EHLO localhost

[2] SERVER -> CLIENT: 250-smtp.gmail.com at your service, [137.63.162.88]
250-SIZE 35882577
250-8BITMIME
250-AUTH LOGIN PLAIN XOAUTH2 PLAIN-CLIENTTOKEN OAUTHBEARER XOAUTH
250-ENHANCEDSTATUSCODES
250-PIPELINING
250-CHUNKING
250 SMTPUTF8

[1] CLIENT -> SERVER: AUTH LOGIN

[2] SERVER -> CLIENT: 334 VXNlcm5hbWU6

[1] CLIENT -> SERVER: [credentials hidden]
[2] SERVER -> CLIENT: 334 UGFzc3dvcmQ6

[1] CLIENT -> SERVER: [credentials hidden]
[2] SERVER -> CLIENT: 235 2.7.0 Accepted

[1] CLIENT -> SERVER: MAIL FROM:<rasabotcodz@gmail.com>

[2] SERVER -> CLIENT: 250 2.1.0 OK 5b1f17b1804b1-43ec17b46bbsm152845155e9.36 - gsmtp

[1] CLIENT -> SERVER: RCPT TO:<brairmpagi45@gmail.com>

[2] SERVER -> CLIENT: 250 2.1.5 OK 5b1f17b1804b1-43ec17b46bbsm152845155e9.36 - gsmtp

[1] CLIENT -> SERVER: DATA

[2] SERVER -> CLIENT: 354 Go ahead 5b1f17b1804b1-43ec17b46bbsm152845155e9.36 - gsmtp

[1] CLIENT -> SERVER: Date: Tue, 8 Apr 2025 08:04:39 +0200

[1] CLIENT -> SERVER: To: bcodz <brairmpagi45@gmail.com>

[1] CLIENT -> SERVER: From: MMU Chatbot Admin Team <rasabotcodz@gmail.com>

[1] CLIENT -> SERVER: Reply-To: MMU Chatbot Admin Team <rasabotcodz@gmail.com>

[1] CLIENT -> SERVER: Subject: t

[1] CLIENT -> SERVER: Message-ID: <oVl1I3dsRNrKN71ZiO62ih7UvXRI0PcmkCmH3UPwAo@localhost>

[1] CLIENT -> SERVER: X-Mailer: PHPMailer 6.9.3 (https://github.com/PHPMailer/PHPMailer)

[1] CLIENT -> SERVER: MIME-Version: 1.0

[1] CLIENT -> SERVER: Content-Type: text/html; charset=iso-8859-1

[1] CLIENT -> SERVER: 

[1] CLIENT -> SERVER: 

[1] CLIENT -> SERVER:             <html>

[1] CLIENT -> SERVER:             <head><title>t</title></head>

[1] CLIENT -> SERVER:             <body>

[1] CLIENT -> SERVER:                 <p>Hello bcodz,</p>

[1] CLIENT -> SERVER:                 <div>sap</div>

[1] CLIENT -> SERVER:                 <p>Best regards,<br>MMU Chatbot Admin Team</p>

[1] CLIENT -> SERVER:             </body>

[1] CLIENT -> SERVER:             </html>

[1] CLIENT -> SERVER:         

[1] CLIENT -> SERVER: 

[1] CLIENT -> SERVER: .

[2] SERVER -> CLIENT: 250 2.0.0 OK  1744092284 5b1f17b1804b1-43ec17b46bbsm152845155e9.36 - gsmtp

[1] CLIENT -> SERVER: QUIT

[2] SERVER -> CLIENT: 221 2.0.0 closing connection 5b1f17b1804b1-43ec17b46bbsm152845155e9.36 - gsmtp

[2] SERVER -> CLIENT: 220 smtp.gmail.com ESMTP ffacd0b85a97d-39eae977a7fsm4939447f8f.45 - gsmtp

[1] CLIENT -> SERVER: EHLO localhost

[2] SERVER -> CLIENT: 250-smtp.gmail.com at your service, [41.210.178.32]
250-SIZE 35882577
250-8BITMIME
250-STARTTLS
250-ENHANCEDSTATUSCODES
250-PIPELINING
250-CHUNKING
250 SMTPUTF8

[1] CLIENT -> SERVER: STARTTLS

[2] SERVER -> CLIENT: 220 2.0.0 Ready to start TLS

[1] CLIENT -> SERVER: EHLO localhost

[2] SERVER -> CLIENT: 250-smtp.gmail.com at your service, [41.210.178.32]
250-SIZE 35882577
250-8BITMIME
250-AUTH LOGIN PLAIN XOAUTH2 PLAIN-CLIENTTOKEN OAUTHBEARER XOAUTH
250-ENHANCEDSTATUSCODES
250-PIPELINING
250-CHUNKING
250 SMTPUTF8

[1] CLIENT -> SERVER: AUTH LOGIN

[2] SERVER -> CLIENT: 334 VXNlcm5hbWU6

[1] CLIENT -> SERVER: [credentials hidden]
[2] SERVER -> CLIENT: 334 UGFzc3dvcmQ6

[1] CLIENT -> SERVER: [credentials hidden]
[2] SERVER -> CLIENT: 235 2.7.0 Accepted

[1] CLIENT -> SERVER: MAIL FROM:<rasabotcodz@gmail.com>

[2] SERVER -> CLIENT: 250 2.1.0 OK ffacd0b85a97d-39eae977a7fsm4939447f8f.45 - gsmtp

[1] CLIENT -> SERVER: RCPT TO:<brairmpagi45@gmail.com>

[2] SERVER -> CLIENT: 250 2.1.5 OK ffacd0b85a97d-39eae977a7fsm4939447f8f.45 - gsmtp

[1] CLIENT -> SERVER: DATA

[2] SERVER -> CLIENT: 354 Go ahead ffacd0b85a97d-39eae977a7fsm4939447f8f.45 - gsmtp

[1] CLIENT -> SERVER: Date: Sat, 12 Apr 2025 14:43:15 +0200

[1] CLIENT -> SERVER: To: brair mpagi <brairmpagi45@gmail.com>

[1] CLIENT -> SERVER: From: MMU Chatbot Admin Team <rasabotcodz@gmail.com>

[1] CLIENT -> SERVER: Reply-To: MMU Chatbot Admin Team <rasabotcodz@gmail.com>

[1] CLIENT -> SERVER: Subject: recieved

[1] CLIENT -> SERVER: Message-ID: <vlRQNo21ReqI3RZBaTUYiRJyz83LMCdLNQJJyWj7w8@localhost>

[1] CLIENT -> SERVER: X-Mailer: PHPMailer 6.9.3 (https://github.com/PHPMailer/PHPMailer)

[1] CLIENT -> SERVER: MIME-Version: 1.0

[1] CLIENT -> SERVER: Content-Type: text/html; charset=iso-8859-1

[1] CLIENT -> SERVER: 

[1] CLIENT -> SERVER: 

[1] CLIENT -> SERVER:             <html>

[1] CLIENT -> SERVER:             <head><title>recieved</title></head>

[1] CLIENT -> SERVER:             <body>

[1] CLIENT -> SERVER:                 <p>Hello brair mpagi,</p>

[1] CLIENT -> SERVER:                 <div>thanks response received</div>

[1] CLIENT -> SERVER:                 <p>Best regards,<br>MMU Chatbot Admin Team</p>

[1] CLIENT -> SERVER:             </body>

[1] CLIENT -> SERVER:             </html>

[1] CLIENT -> SERVER:         

[1] CLIENT -> SERVER: 

[1] CLIENT -> SERVER: .

[2] SERVER -> CLIENT: 250 2.0.0 OK  1744461803 ffacd0b85a97d-39eae977a7fsm4939447f8f.45 - gsmtp

[1] CLIENT -> SERVER: QUIT

[2] SERVER -> CLIENT: 221 2.0.0 closing connection ffacd0b85a97d-39eae977a7fsm4939447f8f.45 - gsmtp

[2] SERVER -> CLIENT: 220 smtp.gmail.com ESMTP a640c23a62f3a-ad1891a2b6esm697207266b.42 - gsmtp

[1] CLIENT -> SERVER: EHLO localhost

[2] SERVER -> CLIENT: 220 smtp.gmail.com ESMTP a640c23a62f3a-ad1895087f4sm692103366b.134 - gsmtp

[1] CLIENT -> SERVER: EHLO localhost

[2] SERVER -> CLIENT: 220 smtp.gmail.com ESMTP a640c23a62f3a-ad1894c0381sm704930866b.98 - gsmtp

[1] CLIENT -> SERVER: EHLO localhost

[2] SERVER -> CLIENT: 220 smtp.gmail.com ESMTP a640c23a62f3a-ad1891ef1e0sm696145266b.77 - gsmtp

[1] CLIENT -> SERVER: EHLO localhost

[2] SERVER -> CLIENT: 220 smtp.gmail.com ESMTP a640c23a62f3a-ad1895094basm700634966b.145 - gsmtp

[1] CLIENT -> SERVER: EHLO localhost

[2] SERVER -> CLIENT: 220 smtp.gmail.com ESMTP 4fb4d7f45d1cf-5fa7792bdbcsm7852555a12.42 - gsmtp

[1] CLIENT -> SERVER: EHLO localhost

[2] SERVER -> CLIENT: 250-smtp.gmail.com at your service, [41.75.183.150]
250-SIZE 35882577
250-8BITMIME
250-STARTTLS
250-ENHANCEDSTATUSCODES
250-PIPELINING
250-CHUNKING
250 SMTPUTF8

[1] CLIENT -> SERVER: STARTTLS

[2] SERVER -> CLIENT: 250-smtp.gmail.com at your service, [41.75.183.150]
250-SIZE 35882577
250-8BITMIME
250-STARTTLS
250-ENHANCEDSTATUSCODES
250-PIPELINING
250-CHUNKING
250 SMTPUTF8

[1] CLIENT -> SERVER: STARTTLS

[2] SERVER -> CLIENT: 250-smtp.gmail.com at your service, [41.75.183.150]
250-SIZE 35882577
250-8BITMIME
250-STARTTLS
250-ENHANCEDSTATUSCODES
250-PIPELINING
250-CHUNKING
250 SMTPUTF8

[1] CLIENT -> SERVER: STARTTLS

[2] SERVER -> CLIENT: 250-smtp.gmail.com at your service, [41.75.183.150]
250-SIZE 35882577
250-8BITMIME
250-STARTTLS
250-ENHANCEDSTATUSCODES
250-PIPELINING
250-CHUNKING
250 SMTPUTF8

[1] CLIENT -> SERVER: STARTTLS

[2] SERVER -> CLIENT: 250-smtp.gmail.com at your service, [41.75.183.150]
250-SIZE 35882577
250-8BITMIME
250-STARTTLS
250-ENHANCEDSTATUSCODES
250-PIPELINING
250-CHUNKING
250 SMTPUTF8

[1] CLIENT -> SERVER: STARTTLS

[2] SERVER -> CLIENT: 250-smtp.gmail.com at your service, [41.75.183.150]
250-SIZE 35882577
250-8BITMIME
250-STARTTLS
250-ENHANCEDSTATUSCODES
250-PIPELINING
250-CHUNKING
250 SMTPUTF8

[1] CLIENT -> SERVER: STARTTLS

[2] SERVER -> CLIENT: 220 2.0.0 Ready to start TLS

[2] SERVER -> CLIENT: 220 2.0.0 Ready to start TLS

[2] SERVER -> CLIENT: 220 2.0.0 Ready to start TLS

[2] SERVER -> CLIENT: 220 2.0.0 Ready to start TLS

[2] SERVER -> CLIENT: 220 2.0.0 Ready to start TLS

[2] SERVER -> CLIENT: 220 2.0.0 Ready to start TLS

[2] SMTP Error: Could not connect to SMTP host. Connection failed. stream_socket_enable_crypto(): SSL: Success
[2] SMTP Error: Could not connect to SMTP host. Connection failed. stream_socket_enable_crypto(): SSL: Success
[2] SMTP Error: Could not connect to SMTP host. Connection failed. stream_socket_enable_crypto(): SSL: Success
[1] CLIENT -> SERVER: QUIT

[1] CLIENT -> SERVER: QUIT

[1] CLIENT -> SERVER: QUIT

[2] SERVER -> CLIENT: 
[2] SERVER -> CLIENT: 
[2] SERVER -> CLIENT: 
[1] SMTP ERROR: QUIT command failed: 
[1] SMTP ERROR: QUIT command failed: 
[1] SMTP ERROR: QUIT command failed: 
[2] SMTP Error: Could not connect to SMTP host. Connection failed. stream_socket_enable_crypto(): SSL: Success
[2] SMTP Error: Could not connect to SMTP host. Connection failed. stream_socket_enable_crypto(): SSL: Success
[2] SMTP Error: Could not connect to SMTP host. Connection failed. stream_socket_enable_crypto(): SSL: Success
[2] SMTP Error: Could not connect to SMTP host. Connection failed. stream_socket_enable_crypto(): SSL: Success
[1] CLIENT -> SERVER: QUIT

[2] SERVER -> CLIENT: 
[1] SMTP ERROR: QUIT command failed: 
[2] SMTP Error: Could not connect to SMTP host. Connection failed. stream_socket_enable_crypto(): SSL: Success
[2] SMTP Error: Could not connect to SMTP host. Connection failed. stream_socket_enable_crypto(): SSL: Success
[2] SMTP Error: Could not connect to SMTP host. Connection failed. stream_socket_enable_crypto(): SSL: Success
[1] CLIENT -> SERVER: QUIT

[1] CLIENT -> SERVER: QUIT

[2] SERVER -> CLIENT: 
[2] SERVER -> CLIENT: 
[1] SMTP ERROR: QUIT command failed: 
[1] SMTP ERROR: QUIT command failed: 
[2] SMTP Error: Could not connect to SMTP host. Connection failed. stream_socket_enable_crypto(): SSL: Success
[2] SMTP Error: Could not connect to SMTP host. Connection failed. stream_socket_enable_crypto(): SSL: Success
[2] SERVER -> CLIENT: 220 smtp.gmail.com ESMTP 4fb4d7f45d1cf-5fa9e67f561sm6421178a12.63 - gsmtp

[1] CLIENT -> SERVER: EHLO localhost

[2] SERVER -> CLIENT: 250-smtp.gmail.com at your service, [41.75.183.150]
250-SIZE 35882577
250-8BITMIME
250-STARTTLS
250-ENHANCEDSTATUSCODES
250-PIPELINING
250-CHUNKING
250 SMTPUTF8

[1] CLIENT -> SERVER: STARTTLS

[2] SERVER -> CLIENT: 220 2.0.0 Ready to start TLS

[1] CLIENT -> SERVER: EHLO localhost

[2] SERVER -> CLIENT: 250-smtp.gmail.com at your service, [41.75.183.150]
250-SIZE 35882577
250-8BITMIME
250-AUTH LOGIN PLAIN XOAUTH2 PLAIN-CLIENTTOKEN OAUTHBEARER XOAUTH
250-ENHANCEDSTATUSCODES
250-PIPELINING
250-CHUNKING
250 SMTPUTF8

[1] CLIENT -> SERVER: AUTH LOGIN

[2] SERVER -> CLIENT: 334 VXNlcm5hbWU6

[1] CLIENT -> SERVER: [credentials hidden]
[2] SERVER -> CLIENT: 334 UGFzc3dvcmQ6

[1] CLIENT -> SERVER: [credentials hidden]
[2] SERVER -> CLIENT: 235 2.7.0 Accepted

[1] CLIENT -> SERVER: MAIL FROM:<rasabotcodz@gmail.com>

[2] SERVER -> CLIENT: 250 2.1.0 OK 4fb4d7f45d1cf-5fa9e67f561sm6421178a12.63 - gsmtp

[1] CLIENT -> SERVER: RCPT TO:<karamagihenry911@gmail.com>

[2] SERVER -> CLIENT: 250 2.1.5 OK 4fb4d7f45d1cf-5fa9e67f561sm6421178a12.63 - gsmtp

[1] CLIENT -> SERVER: DATA

[2] SERVER -> CLIENT: 354 Go ahead 4fb4d7f45d1cf-5fa9e67f561sm6421178a12.63 - gsmtp

[1] CLIENT -> SERVER: Date: Tue, 6 May 2025 14:48:14 +0200

[1] CLIENT -> SERVER: To: karamagi <karamagihenry911@gmail.com>

[1] CLIENT -> SERVER: From: MMU Chatbot Admin Team <rasabotcodz@gmail.com>

[1] CLIENT -> SERVER: Reply-To: MMU Chatbot Admin Team <rasabotcodz@gmail.com>

[1] CLIENT -> SERVER: Subject: hello

[1] CLIENT -> SERVER: Message-ID: <GJx8V8kIhVpm4Tib55Qd6oqG6FaIJ7pwPUC6xpmb0U@localhost>

[1] CLIENT -> SERVER: X-Mailer: PHPMailer 6.9.3 (https://github.com/PHPMailer/PHPMailer)

[1] CLIENT -> SERVER: MIME-Version: 1.0

[1] CLIENT -> SERVER: Content-Type: text/html; charset=iso-8859-1

[1] CLIENT -> SERVER: 

[1] CLIENT -> SERVER: 

[1] CLIENT -> SERVER:             <html>

[1] CLIENT -> SERVER:             <head><title>hello</title></head>

[1] CLIENT -> SERVER:             <body>

[1] CLIENT -> SERVER:                 <p>Hello karamagi,</p>

[1] CLIENT -> SERVER:                 <div>ouk</div>

[1] CLIENT -> SERVER:                 <p>Best regards,<br>MMU Chatbot Admin Team</p>

[1] CLIENT -> SERVER:             </body>

[1] CLIENT -> SERVER:             </html>

[1] CLIENT -> SERVER:         

[1] CLIENT -> SERVER: 

[1] CLIENT -> SERVER: .

[2] SERVER -> CLIENT: 250 2.0.0 OK  1746535699 4fb4d7f45d1cf-5fa9e67f561sm6421178a12.63 - gsmtp

[1] CLIENT -> SERVER: QUIT

[2] SERVER -> CLIENT: 221 2.0.0 closing connection 4fb4d7f45d1cf-5fa9e67f561sm6421178a12.63 - gsmtp

[1] SMTP ERROR: Failed to connect to server: php_network_getaddresses: getaddrinfo failed: Temporary failure in name resolution (0)
[2] SMTP Error: Could not connect to SMTP host. Failed to connect to server
[1] SMTP ERROR: Failed to connect to server: php_network_getaddresses: getaddrinfo failed: Temporary failure in name resolution (0)
[2] SMTP Error: Could not connect to SMTP host. Failed to connect to server
[1] SMTP ERROR: Failed to connect to server: php_network_getaddresses: getaddrinfo failed: Temporary failure in name resolution (0)
[2] SMTP Error: Could not connect to SMTP host. Failed to connect to server
[2] SERVER -> CLIENT: 220 smtp.gmail.com ESMTP a640c23a62f3a-ad23a5552a6sm904710066b.30 - gsmtp

[1] CLIENT -> SERVER: EHLO localhost

[2] SERVER -> CLIENT: 250-smtp.gmail.com at your service, [41.210.178.32]
250-SIZE 35882577
250-8BITMIME
250-STARTTLS
250-ENHANCEDSTATUSCODES
250-PIPELINING
250-CHUNKING
250 SMTPUTF8

[1] CLIENT -> SERVER: STARTTLS

[2] SERVER -> CLIENT: 220 2.0.0 Ready to start TLS

[1] CLIENT -> SERVER: EHLO localhost

[2] SERVER -> CLIENT: 250-smtp.gmail.com at your service, [41.210.178.32]
250-SIZE 35882577
250-8BITMIME
250-AUTH LOGIN PLAIN XOAUTH2 PLAIN-CLIENTTOKEN OAUTHBEARER XOAUTH
250-ENHANCEDSTATUSCODES
250-PIPELINING
250-CHUNKING
250 SMTPUTF8

[1] CLIENT -> SERVER: AUTH LOGIN

[2] SERVER -> CLIENT: 334 VXNlcm5hbWU6

[1] CLIENT -> SERVER: [credentials hidden]
[2] SERVER -> CLIENT: 334 UGFzc3dvcmQ6

[1] CLIENT -> SERVER: [credentials hidden]
[2] SERVER -> CLIENT: 235 2.7.0 Accepted

[1] CLIENT -> SERVER: MAIL FROM:<rasabotcodz@gmail.com>

[2] SERVER -> CLIENT: 250 2.1.0 OK a640c23a62f3a-ad23a5552a6sm904710066b.30 - gsmtp

[1] CLIENT -> SERVER: RCPT TO:<karamagihenry911@gmail.com>

[2] SERVER -> CLIENT: 250 2.1.5 OK a640c23a62f3a-ad23a5552a6sm904710066b.30 - gsmtp

[1] CLIENT -> SERVER: DATA

[2] SERVER -> CLIENT: 354 Go ahead a640c23a62f3a-ad23a5552a6sm904710066b.30 - gsmtp

[1] CLIENT -> SERVER: Date: Thu, 15 May 2025 14:53:02 +0200

[1] CLIENT -> SERVER: To: karamagi <karamagihenry911@gmail.com>

[1] CLIENT -> SERVER: From: MMU Chatbot Admin Team <rasabotcodz@gmail.com>

[1] CLIENT -> SERVER: Reply-To: MMU Chatbot Admin Team <rasabotcodz@gmail.com>

[1] CLIENT -> SERVER: Subject: whats up

[1] CLIENT -> SERVER: Message-ID: <3EDnVwDqOv9L85QcjSzIt4lhd1ZmqmnmZEQM6bGpUv0@localhost>

[1] CLIENT -> SERVER: X-Mailer: PHPMailer 6.9.3 (https://github.com/PHPMailer/PHPMailer)

[1] CLIENT -> SERVER: MIME-Version: 1.0

[1] CLIENT -> SERVER: Content-Type: text/html; charset=iso-8859-1

[1] CLIENT -> SERVER: 

[1] CLIENT -> SERVER: 

[1] CLIENT -> SERVER:             <html>

[1] CLIENT -> SERVER:             <head><title>whats up</title></head>

[1] CLIENT -> SERVER:             <body>

[1] CLIENT -> SERVER:                 <p>Hello karamagi,</p>

[1] CLIENT -> SERVER:                 <div>hello there</div>

[1] CLIENT -> SERVER:                 <p>Best regards,<br>MMU Chatbot Admin Team</p>

[1] CLIENT -> SERVER:             </body>

[1] CLIENT -> SERVER:             </html>

[1] CLIENT -> SERVER:         

[1] CLIENT -> SERVER: 

[1] CLIENT -> SERVER: .

[2] SERVER -> CLIENT: 250 2.0.0 OK  1747313596 a640c23a62f3a-ad23a5552a6sm904710066b.30 - gsmtp

[1] CLIENT -> SERVER: QUIT

[2] SERVER -> CLIENT: 221 2.0.0 closing connection a640c23a62f3a-ad23a5552a6sm904710066b.30 - gsmtp

[2] SERVER -> CLIENT: 220 smtp.gmail.com ESMTP a640c23a62f3a-ad22e5c8997sm973234366b.90 - gsmtp

[1] CLIENT -> SERVER: EHLO localhost

[2] SERVER -> CLIENT: 250-smtp.gmail.com at your service, [41.210.178.32]
250-SIZE 35882577
250-8BITMIME
250-STARTTLS
250-ENHANCEDSTATUSCODES
250-PIPELINING
250-CHUNKING
250 SMTPUTF8

[1] CLIENT -> SERVER: STARTTLS

[2] SERVER -> CLIENT: 220 2.0.0 Ready to start TLS

[1] CLIENT -> SERVER: EHLO localhost

[2] SERVER -> CLIENT: 250-smtp.gmail.com at your service, [41.210.178.32]
250-SIZE 35882577
250-8BITMIME
250-AUTH LOGIN PLAIN XOAUTH2 PLAIN-CLIENTTOKEN OAUTHBEARER XOAUTH
250-ENHANCEDSTATUSCODES
250-PIPELINING
250-CHUNKING
250 SMTPUTF8

[1] CLIENT -> SERVER: AUTH LOGIN

[2] SERVER -> CLIENT: 334 VXNlcm5hbWU6

[1] CLIENT -> SERVER: [credentials hidden]
[2] SERVER -> CLIENT: 334 UGFzc3dvcmQ6

[1] CLIENT -> SERVER: [credentials hidden]
[2] SERVER -> CLIENT: 235 2.7.0 Accepted

[1] CLIENT -> SERVER: MAIL FROM:<rasabotcodz@gmail.com>

[2] SERVER -> CLIENT: 250 2.1.0 OK a640c23a62f3a-ad22e5c8997sm973234366b.90 - gsmtp

[1] CLIENT -> SERVER: RCPT TO:<brairmpagi45@gmail.com>

[2] SERVER -> CLIENT: 250 2.1.5 OK a640c23a62f3a-ad22e5c8997sm973234366b.90 - gsmtp

[1] CLIENT -> SERVER: DATA

[2] SERVER -> CLIENT: 354 Go ahead a640c23a62f3a-ad22e5c8997sm973234366b.90 - gsmtp

[1] CLIENT -> SERVER: Date: Thu, 15 May 2025 14:53:43 +0200

[1] CLIENT -> SERVER: To: brair mpagi <brairmpagi45@gmail.com>

[1] CLIENT -> SERVER: From: MMU Chatbot Admin Team <rasabotcodz@gmail.com>

[1] CLIENT -> SERVER: Reply-To: MMU Chatbot Admin Team <rasabotcodz@gmail.com>

[1] CLIENT -> SERVER: Subject: hello

[1] CLIENT -> SERVER: Message-ID: <m8yrsIVkfv2MYGPvaRCMFwI1HD1tc62jWLIXCXkqZBM@localhost>

[1] CLIENT -> SERVER: X-Mailer: PHPMailer 6.9.3 (https://github.com/PHPMailer/PHPMailer)

[1] CLIENT -> SERVER: MIME-Version: 1.0

[1] CLIENT -> SERVER: Content-Type: text/html; charset=iso-8859-1

[1] CLIENT -> SERVER: 

[1] CLIENT -> SERVER: 

[1] CLIENT -> SERVER:             <html>

[1] CLIENT -> SERVER:             <head><title>hello</title></head>

[1] CLIENT -> SERVER:             <body>

[1] CLIENT -> SERVER:                 <p>Hello brair mpagi,</p>

[1] CLIENT -> SERVER:                 <div>testing mail</div>

[1] CLIENT -> SERVER:                 <p>Best regards,<br>MMU Chatbot Admin Team</p>

[1] CLIENT -> SERVER:             </body>

[1] CLIENT -> SERVER:             </html>

[1] CLIENT -> SERVER:         

[1] CLIENT -> SERVER: 

[1] CLIENT -> SERVER: .

[2] SERVER -> CLIENT: 250 2.0.0 OK  1747313630 a640c23a62f3a-ad22e5c8997sm973234366b.90 - gsmtp

[1] CLIENT -> SERVER: QUIT

[2] SERVER -> CLIENT: 221 2.0.0 closing connection a640c23a62f3a-ad22e5c8997sm973234366b.90 - gsmtp

[2] SERVER -> CLIENT: 220 smtp.gmail.com ESMTP a640c23a62f3a-ad52d4c516dsm20173266b.154 - gsmtp

[1] CLIENT -> SERVER: EHLO localhost

[2] SERVER -> CLIENT: 250-smtp.gmail.com at your service, [41.210.143.52]
250-SIZE 35882577
250-8BITMIME
250-STARTTLS
250-ENHANCEDSTATUSCODES
250-PIPELINING
250-CHUNKING
250 SMTPUTF8

[1] CLIENT -> SERVER: STARTTLS

[2] SERVER -> CLIENT: 220 2.0.0 Ready to start TLS

[1] CLIENT -> SERVER: EHLO localhost

[2] SERVER -> CLIENT: 250-smtp.gmail.com at your service, [41.210.143.52]
250-SIZE 35882577
250-8BITMIME
250-AUTH LOGIN PLAIN XOAUTH2 PLAIN-CLIENTTOKEN OAUTHBEARER XOAUTH
250-ENHANCEDSTATUSCODES
250-PIPELINING
250-CHUNKING
250 SMTPUTF8

[1] CLIENT -> SERVER: AUTH LOGIN

[2] SERVER -> CLIENT: 334 VXNlcm5hbWU6

[1] CLIENT -> SERVER: [credentials hidden]
[2] SERVER -> CLIENT: 334 UGFzc3dvcmQ6

[1] CLIENT -> SERVER: [credentials hidden]
[2] SERVER -> CLIENT: 235 2.7.0 Accepted

[1] CLIENT -> SERVER: MAIL FROM:<rasabotcodz@gmail.com>

[2] SERVER -> CLIENT: 250 2.1.0 OK a640c23a62f3a-ad52d4c516dsm20173266b.154 - gsmtp

[1] CLIENT -> SERVER: RCPT TO:<brairmpagi45@gmail.com>

[2] SERVER -> CLIENT: 250 2.1.5 OK a640c23a62f3a-ad52d4c516dsm20173266b.154 - gsmtp

[1] CLIENT -> SERVER: DATA

[2] SERVER -> CLIENT: 354 Go ahead a640c23a62f3a-ad52d4c516dsm20173266b.154 - gsmtp

[1] CLIENT -> SERVER: Date: Thu, 15 May 2025 19:56:43 +0200

[1] CLIENT -> SERVER: To: brair mpagi <brairmpagi45@gmail.com>

[1] CLIENT -> SERVER: From: MMU Chatbot Admin Team <rasabotcodz@gmail.com>

[1] CLIENT -> SERVER: Reply-To: MMU Chatbot Admin Team <rasabotcodz@gmail.com>

[1] CLIENT -> SERVER: Subject: hello

[1] CLIENT -> SERVER: Message-ID: <pSP6qkc9OP2ByVC9cqbuEfKa330ZcFgtOmmZITTVU@localhost>

[1] CLIENT -> SERVER: X-Mailer: PHPMailer 6.9.3 (https://github.com/PHPMailer/PHPMailer)

[1] CLIENT -> SERVER: MIME-Version: 1.0

[1] CLIENT -> SERVER: Content-Type: text/html; charset=iso-8859-1

[1] CLIENT -> SERVER: 

[1] CLIENT -> SERVER: 

[1] CLIENT -> SERVER:             <html>

[1] CLIENT -> SERVER:             <head><title>hello</title></head>

[1] CLIENT -> SERVER:             <body>

[1] CLIENT -> SERVER:                 <p>Hello brair mpagi,</p>

[1] CLIENT -> SERVER:                 <div>answered<br />

[1] CLIENT -> SERVER: </div>

[1] CLIENT -> SERVER:                 <p>Best regards,<br>MMU Chatbot Admin Team</p>

[1] CLIENT -> SERVER:             </body>

[1] CLIENT -> SERVER:             </html>

[1] CLIENT -> SERVER:         

[1] CLIENT -> SERVER: 

[1] CLIENT -> SERVER: .

[2] SERVER -> CLIENT: 250 2.0.0 OK  1747331808 a640c23a62f3a-ad52d4c516dsm20173266b.154 - gsmtp

[1] CLIENT -> SERVER: QUIT

[2] SERVER -> CLIENT: 221 2.0.0 closing connection a640c23a62f3a-ad52d4c516dsm20173266b.154 - gsmtp

[2] SERVER -> CLIENT: 220 smtp.gmail.com ESMTP 5b1f17b1804b1-44300160fd0sm5421765e9.4 - gsmtp

[1] CLIENT -> SERVER: EHLO localhost

[2] SERVER -> CLIENT: 250-smtp.gmail.com at your service, [102.85.252.95]
250-SIZE 35882577
250-8BITMIME
250-STARTTLS
250-ENHANCEDSTATUSCODES
250-PIPELINING
250-CHUNKING
250 SMTPUTF8

[1] CLIENT -> SERVER: STARTTLS

[2] SERVER -> CLIENT: 220 2.0.0 Ready to start TLS

[1] CLIENT -> SERVER: EHLO localhost

[2] SERVER -> CLIENT: 250-smtp.gmail.com at your service, [102.85.252.95]
250-SIZE 35882577
250-8BITMIME
250-AUTH LOGIN PLAIN XOAUTH2 PLAIN-CLIENTTOKEN OAUTHBEARER XOAUTH
250-ENHANCEDSTATUSCODES
250-PIPELINING
250-CHUNKING
250 SMTPUTF8

[1] CLIENT -> SERVER: AUTH LOGIN

[2] SERVER -> CLIENT: 334 VXNlcm5hbWU6

[1] CLIENT -> SERVER: [credentials hidden]
[2] SERVER -> CLIENT: 334 UGFzc3dvcmQ6

[1] CLIENT -> SERVER: [credentials hidden]
[2] SERVER -> CLIENT: 235 2.7.0 Accepted

[1] CLIENT -> SERVER: MAIL FROM:<rasabotcodz@gmail.com>

[2] SERVER -> CLIENT: 250 2.1.0 OK 5b1f17b1804b1-44300160fd0sm5421765e9.4 - gsmtp

[1] CLIENT -> SERVER: RCPT TO:<brairmpagi45@gmail.com>

[2] SERVER -> CLIENT: 250 2.1.5 OK 5b1f17b1804b1-44300160fd0sm5421765e9.4 - gsmtp

[1] CLIENT -> SERVER: DATA

[2] SERVER -> CLIENT: 354 Go ahead 5b1f17b1804b1-44300160fd0sm5421765e9.4 - gsmtp

[1] CLIENT -> SERVER: Date: Fri, 16 May 2025 08:06:09 +0200

[1] CLIENT -> SERVER: To: brair mpagi <brairmpagi45@gmail.com>

[1] CLIENT -> SERVER: From: MMU Chatbot Admin Team <rasabotcodz@gmail.com>

[1] CLIENT -> SERVER: Reply-To: MMU Chatbot Admin Team <rasabotcodz@gmail.com>

[1] CLIENT -> SERVER: Subject: hei

[1] CLIENT -> SERVER: Message-ID: <g4XTc4fH6d8alTfzdneKWA4nCSgQ9X2f57tMN0A@localhost>

[1] CLIENT -> SERVER: X-Mailer: PHPMailer 6.9.3 (https://github.com/PHPMailer/PHPMailer)

[1] CLIENT -> SERVER: MIME-Version: 1.0

[1] CLIENT -> SERVER: Content-Type: text/html; charset=iso-8859-1

[1] CLIENT -> SERVER: 

[1] CLIENT -> SERVER: 

[1] CLIENT -> SERVER:             <html>

[1] CLIENT -> SERVER:             <head><title>hei</title></head>

[1] CLIENT -> SERVER:             <body>

[1] CLIENT -> SERVER:                 <p>Hello brair mpagi,</p>

[1] CLIENT -> SERVER:                 <div>seen</div>

[1] CLIENT -> SERVER:                 <p>Best regards,<br>MMU Chatbot Admin Team</p>

[1] CLIENT -> SERVER:             </body>

[1] CLIENT -> SERVER:             </html>

[1] CLIENT -> SERVER:         

[1] CLIENT -> SERVER: 

[1] CLIENT -> SERVER: .

[2] SERVER -> CLIENT: 250 2.0.0 OK  1747375573 5b1f17b1804b1-44300160fd0sm5421765e9.4 - gsmtp

[1] CLIENT -> SERVER: QUIT

[2] SERVER -> CLIENT: 221 2.0.0 closing connection 5b1f17b1804b1-44300160fd0sm5421765e9.4 - gsmtp

